[14:02:58] [main/INFO] [clbpa-cli]: Running exam console-group task...
[14:02:58] [main/INFO] [clbpa-cli]: Creating result directory...
[14:02:58] [main/INFO] [clbpa-cli]: Running user 000001 task...
[14:02:58] [main/INFO] [000001]: Running BAI1 assert task...
[14:02:58] [main/INFO] [000001]: [BAI1] Source code found: BAI1.py
[14:02:58] [main/INFO] [000001]: [BAI1] Need compile: false
[14:02:58] [main/INFO] [000001]: [BAI1] Setting up execute environment...
[14:02:58] [main/INFO] [000001]: [BAI1] Finished setup execute environment.
[14:02:58] [main/INFO] [000001]: [BAI1] Executing testcase TEST01...
[14:02:58] [main/INFO] [000001]: [BAI1] Execute command: D:\tozymc\IdeaProjects\clbpa-test-group\bundle-sdks\python-3.11.0\python BAI1.py
[14:02:58] [main/INFO] [000001]: [BAI1] Execute testcase TEST01 is succeed.
[14:02:58] [main/INFO] [000001]: [BAI1] Comparing testcase TEST01 with expected output...
[14:02:58] [main/INFO] [000001]: [BAI1] Compare testcase TEST01 result: true
[14:02:58] [main/INFO] [000001]: [BAI1] Executing testcase TEST02...
[14:02:58] [main/INFO] [000001]: [BAI1] Execute command: D:\tozymc\IdeaProjects\clbpa-test-group\bundle-sdks\python-3.11.0\python BAI1.py
[14:02:58] [main/INFO] [000001]: [BAI1] Execute testcase TEST02 is succeed.
[14:02:58] [main/INFO] [000001]: [BAI1] Comparing testcase TEST02 with expected output...
[14:02:58] [main/INFO] [000001]: [BAI1] Compare testcase TEST02 result: true
[14:02:58] [main/INFO] [000001]: [BAI1] Executing testcase TEST03...
[14:02:58] [main/INFO] [000001]: [BAI1] Execute command: D:\tozymc\IdeaProjects\clbpa-test-group\bundle-sdks\python-3.11.0\python BAI1.py
[14:02:58] [main/INFO] [000001]: [BAI1] Execute testcase TEST03 is succeed.
[14:02:58] [main/INFO] [000001]: [BAI1] Comparing testcase TEST03 with expected output...
[14:02:58] [main/INFO] [000001]: [BAI1] Compare testcase TEST03 result: true
[14:02:58] [main/INFO] [000001]: [BAI1] Executing testcase TEST04...
[14:02:58] [main/INFO] [000001]: [BAI1] Execute command: D:\tozymc\IdeaProjects\clbpa-test-group\bundle-sdks\python-3.11.0\python BAI1.py
[14:02:58] [main/INFO] [000001]: [BAI1] Execute testcase TEST04 is succeed.
[14:02:58] [main/INFO] [000001]: [BAI1] Comparing testcase TEST04 with expected output...
[14:02:58] [main/INFO] [000001]: [BAI1] Compare testcase TEST04 result: true
[14:02:58] [main/INFO] [000001]: [BAI1] Executing testcase TEST05...
[14:02:58] [main/INFO] [000001]: [BAI1] Execute command: D:\tozymc\IdeaProjects\clbpa-test-group\bundle-sdks\python-3.11.0\python BAI1.py
[14:02:58] [main/INFO] [000001]: [BAI1] Execute testcase TEST05 is succeed.
[14:02:58] [main/INFO] [000001]: [BAI1] Comparing testcase TEST05 with expected output...
[14:02:59] [main/INFO] [000001]: [BAI1] Compare testcase TEST05 result: true
[14:02:59] [main/INFO] [000001]: Finished run BAI1 assert task!
[14:02:59] [main/INFO] [000001]: Running BAI2 assert task...
[14:02:59] [main/INFO] [000001]: [BAI2] Source code found: BAI2.py
[14:02:59] [main/INFO] [000001]: [BAI2] Need compile: false
[14:02:59] [main/INFO] [000001]: [BAI2] Setting up execute environment...
[14:02:59] [main/INFO] [000001]: [BAI2] Finished setup execute environment.
[14:02:59] [main/INFO] [000001]: [BAI2] Executing testcase TEST01...
[14:02:59] [main/INFO] [000001]: [BAI2] Execute command: D:\tozymc\IdeaProjects\clbpa-test-group\bundle-sdks\python-3.11.0\python BAI2.py
[14:02:59] [main/INFO] [000001]: [BAI2] Execute testcase TEST01 is succeed.
[14:02:59] [main/INFO] [000001]: [BAI2] Comparing testcase TEST01 with expected output...
[14:02:59] [main/INFO] [000001]: [BAI2] Compare testcase TEST01 result: true
[14:02:59] [main/INFO] [000001]: [BAI2] Executing testcase TEST02...
[14:02:59] [main/INFO] [000001]: [BAI2] Execute command: D:\tozymc\IdeaProjects\clbpa-test-group\bundle-sdks\python-3.11.0\python BAI2.py
[14:02:59] [main/INFO] [000001]: [BAI2] Execute testcase TEST02 is succeed.
[14:02:59] [main/INFO] [000001]: [BAI2] Comparing testcase TEST02 with expected output...
[14:02:59] [main/INFO] [000001]: [BAI2] Compare testcase TEST02 result: true
[14:02:59] [main/INFO] [000001]: [BAI2] Executing testcase TEST03...
[14:02:59] [main/INFO] [000001]: [BAI2] Execute command: D:\tozymc\IdeaProjects\clbpa-test-group\bundle-sdks\python-3.11.0\python BAI2.py
[14:02:59] [main/INFO] [000001]: [BAI2] Execute testcase TEST03 is succeed.
[14:02:59] [main/INFO] [000001]: [BAI2] Comparing testcase TEST03 with expected output...
[14:02:59] [main/INFO] [000001]: [BAI2] Compare testcase TEST03 result: true
[14:02:59] [main/INFO] [000001]: [BAI2] Executing testcase TEST04...
[14:02:59] [main/INFO] [000001]: [BAI2] Execute command: D:\tozymc\IdeaProjects\clbpa-test-group\bundle-sdks\python-3.11.0\python BAI2.py
[14:02:59] [main/INFO] [000001]: [BAI2] Execute testcase TEST04 is succeed.
[14:02:59] [main/INFO] [000001]: [BAI2] Comparing testcase TEST04 with expected output...
[14:02:59] [main/INFO] [000001]: [BAI2] Compare testcase TEST04 result: true
[14:02:59] [main/INFO] [000001]: [BAI2] Executing testcase TEST05...
[14:02:59] [main/INFO] [000001]: [BAI2] Execute command: D:\tozymc\IdeaProjects\clbpa-test-group\bundle-sdks\python-3.11.0\python BAI2.py
[14:02:59] [main/INFO] [000001]: [BAI2] Execute testcase TEST05 is succeed.
[14:02:59] [main/INFO] [000001]: [BAI2] Comparing testcase TEST05 with expected output...
[14:02:59] [main/INFO] [000001]: [BAI2] Compare testcase TEST05 result: true
[14:02:59] [main/INFO] [000001]: Finished run BAI2 assert task!
[14:02:59] [main/INFO] [000001]: Running BAI3 assert task...
[14:02:59] [main/INFO] [000001]: [BAI3] Source code found: BAI3.py
[14:02:59] [main/INFO] [000001]: [BAI3] Need compile: false
[14:02:59] [main/INFO] [000001]: [BAI3] Setting up execute environment...
[14:02:59] [main/INFO] [000001]: [BAI3] Finished setup execute environment.
[14:02:59] [main/INFO] [000001]: [BAI3] Executing testcase TEST01...
[14:02:59] [main/INFO] [000001]: [BAI3] Execute command: D:\tozymc\IdeaProjects\clbpa-test-group\bundle-sdks\python-3.11.0\python BAI3.py
[14:02:59] [main/INFO] [000001]: [BAI3] Execute testcase TEST01 is succeed.
[14:02:59] [main/INFO] [000001]: [BAI3] Comparing testcase TEST01 with expected output...
[14:02:59] [main/INFO] [000001]: [BAI3] Compare testcase TEST01 result: true
[14:02:59] [main/INFO] [000001]: [BAI3] Executing testcase TEST02...
[14:02:59] [main/INFO] [000001]: [BAI3] Execute command: D:\tozymc\IdeaProjects\clbpa-test-group\bundle-sdks\python-3.11.0\python BAI3.py
[14:02:59] [main/INFO] [000001]: [BAI3] Execute testcase TEST02 is succeed.
[14:02:59] [main/INFO] [000001]: [BAI3] Comparing testcase TEST02 with expected output...
[14:02:59] [main/INFO] [000001]: [BAI3] Compare testcase TEST02 result: true
[14:02:59] [main/INFO] [000001]: [BAI3] Executing testcase TEST03...
[14:02:59] [main/INFO] [000001]: [BAI3] Execute command: D:\tozymc\IdeaProjects\clbpa-test-group\bundle-sdks\python-3.11.0\python BAI3.py
[14:02:59] [main/INFO] [000001]: [BAI3] Execute testcase TEST03 is succeed.
[14:02:59] [main/INFO] [000001]: [BAI3] Comparing testcase TEST03 with expected output...
[14:02:59] [main/INFO] [000001]: [BAI3] Compare testcase TEST03 result: true
[14:02:59] [main/INFO] [000001]: [BAI3] Executing testcase TEST04...
[14:02:59] [main/INFO] [000001]: [BAI3] Execute command: D:\tozymc\IdeaProjects\clbpa-test-group\bundle-sdks\python-3.11.0\python BAI3.py
[14:02:59] [main/INFO] [000001]: [BAI3] Execute testcase TEST04 is succeed.
[14:02:59] [main/INFO] [000001]: [BAI3] Comparing testcase TEST04 with expected output...
[14:02:59] [main/INFO] [000001]: [BAI3] Compare testcase TEST04 result: true
[14:02:59] [main/INFO] [000001]: [BAI3] Executing testcase TEST05...
[14:02:59] [main/INFO] [000001]: [BAI3] Execute command: D:\tozymc\IdeaProjects\clbpa-test-group\bundle-sdks\python-3.11.0\python BAI3.py
[14:03:00] [main/INFO] [000001]: [BAI3] Execute testcase TEST05 is succeed.
[14:03:00] [main/INFO] [000001]: [BAI3] Comparing testcase TEST05 with expected output...
[14:03:00] [main/INFO] [000001]: [BAI3] Compare testcase TEST05 result: true
[14:03:00] [main/INFO] [000001]: Finished run BAI3 assert task!
[14:03:00] [main/INFO] [clbpa-cli]: Finished run user 000001 task!
[14:03:00] [main/INFO] [clbpa-cli]: Writing user 000001 task result...
[14:03:00] [main/INFO] [clbpa-cli]: Running user 000002 task...
[14:03:00] [main/INFO] [000002]: Running BAI1 assert task...
[14:03:00] [main/INFO] [000002]: [BAI1] Source code found: BAI1.cpp
[14:03:00] [main/INFO] [000002]: [BAI1] Need compile: true
[14:03:00] [main/INFO] [000002]: [BAI1] Compiling BAI1.cpp...
[14:03:00] [main/INFO] [000002]: [BAI1] Compile command: D:\tozymc\IdeaProjects\clbpa-test-group\bundle-sdks\mingw64\bin\g++ -o BAI1 BAI1.cpp
[14:03:00] [main/INFO] [000002]: [BAI1] Compile BAI1.cpp successful with: BAI1.exe
[14:03:00] [main/INFO] [000002]: [BAI1] Setting up execute environment...
[14:03:00] [main/INFO] [000002]: [BAI1] Finished setup execute environment.
[14:03:00] [main/INFO] [000002]: [BAI1] Executing testcase TEST01...
[14:03:00] [main/INFO] [000002]: [BAI1] Execute command: D:\tozymc\IdeaProjects\clbpa-test-group\console-group\results\2022-11-13_14-02-58\000002\BAI1\TEST01\BAI1.exe
[14:03:01] [main/INFO] [000002]: [BAI1] Execute testcase TEST01 is succeed.
[14:03:01] [main/INFO] [000002]: [BAI1] Comparing testcase TEST01 with expected output...
[14:03:01] [main/INFO] [000002]: [BAI1] Compare testcase TEST01 result: true
[14:03:01] [main/INFO] [000002]: [BAI1] Executing testcase TEST02...
[14:03:01] [main/INFO] [000002]: [BAI1] Execute command: D:\tozymc\IdeaProjects\clbpa-test-group\console-group\results\2022-11-13_14-02-58\000002\BAI1\TEST02\BAI1.exe
[14:03:01] [main/INFO] [000002]: [BAI1] Execute testcase TEST02 is succeed.
[14:03:01] [main/INFO] [000002]: [BAI1] Comparing testcase TEST02 with expected output...
[14:03:01] [main/INFO] [000002]: [BAI1] Compare testcase TEST02 result: true
[14:03:01] [main/INFO] [000002]: [BAI1] Executing testcase TEST03...
[14:03:01] [main/INFO] [000002]: [BAI1] Execute command: D:\tozymc\IdeaProjects\clbpa-test-group\console-group\results\2022-11-13_14-02-58\000002\BAI1\TEST03\BAI1.exe
[14:03:01] [main/INFO] [000002]: [BAI1] Execute testcase TEST03 is succeed.
[14:03:01] [main/INFO] [000002]: [BAI1] Comparing testcase TEST03 with expected output...
[14:03:01] [main/INFO] [000002]: [BAI1] Compare testcase TEST03 result: true
[14:03:01] [main/INFO] [000002]: [BAI1] Executing testcase TEST04...
[14:03:01] [main/INFO] [000002]: [BAI1] Execute command: D:\tozymc\IdeaProjects\clbpa-test-group\console-group\results\2022-11-13_14-02-58\000002\BAI1\TEST04\BAI1.exe
[14:03:01] [main/INFO] [000002]: [BAI1] Execute testcase TEST04 is succeed.
[14:03:01] [main/INFO] [000002]: [BAI1] Comparing testcase TEST04 with expected output...
[14:03:01] [main/INFO] [000002]: [BAI1] Compare testcase TEST04 result: false
[14:03:01] [main/INFO] [000002]: [BAI1] Executing testcase TEST05...
[14:03:01] [main/INFO] [000002]: [BAI1] Execute command: D:\tozymc\IdeaProjects\clbpa-test-group\console-group\results\2022-11-13_14-02-58\000002\BAI1\TEST05\BAI1.exe
[14:03:01] [main/INFO] [000002]: [BAI1] Execute testcase TEST05 is succeed.
[14:03:01] [main/INFO] [000002]: [BAI1] Comparing testcase TEST05 with expected output...
[14:03:01] [main/INFO] [000002]: [BAI1] Compare testcase TEST05 result: true
[14:03:01] [main/INFO] [000002]: Finished run BAI1 assert task!
[14:03:01] [main/INFO] [000002]: Running BAI2 assert task...
[14:03:01] [main/INFO] [000002]: [BAI2] Source code found: BAI2.cpp
[14:03:01] [main/INFO] [000002]: [BAI2] Need compile: true
[14:03:01] [main/INFO] [000002]: [BAI2] Compiling BAI2.cpp...
[14:03:01] [main/INFO] [000002]: [BAI2] Compile command: D:\tozymc\IdeaProjects\clbpa-test-group\bundle-sdks\mingw64\bin\g++ -o BAI2 BAI2.cpp
[14:03:02] [main/INFO] [000002]: [BAI2] Compile BAI2.cpp successful with: BAI2.exe
[14:03:02] [main/INFO] [000002]: [BAI2] Setting up execute environment...
[14:03:02] [main/INFO] [000002]: [BAI2] Finished setup execute environment.
[14:03:02] [main/INFO] [000002]: [BAI2] Executing testcase TEST01...
[14:03:02] [main/INFO] [000002]: [BAI2] Execute command: D:\tozymc\IdeaProjects\clbpa-test-group\console-group\results\2022-11-13_14-02-58\000002\BAI2\TEST01\BAI2.exe
[14:03:02] [main/INFO] [000002]: [BAI2] Execute testcase TEST01 is succeed.
[14:03:02] [main/INFO] [000002]: [BAI2] Comparing testcase TEST01 with expected output...
[14:03:02] [main/INFO] [000002]: [BAI2] Compare testcase TEST01 result: true
[14:03:02] [main/INFO] [000002]: [BAI2] Executing testcase TEST02...
[14:03:02] [main/INFO] [000002]: [BAI2] Execute command: D:\tozymc\IdeaProjects\clbpa-test-group\console-group\results\2022-11-13_14-02-58\000002\BAI2\TEST02\BAI2.exe
[14:03:02] [main/INFO] [000002]: [BAI2] Execute testcase TEST02 is succeed.
[14:03:02] [main/INFO] [000002]: [BAI2] Comparing testcase TEST02 with expected output...
[14:03:02] [main/INFO] [000002]: [BAI2] Compare testcase TEST02 result: false
[14:03:02] [main/INFO] [000002]: [BAI2] Executing testcase TEST03...
[14:03:02] [main/INFO] [000002]: [BAI2] Execute command: D:\tozymc\IdeaProjects\clbpa-test-group\console-group\results\2022-11-13_14-02-58\000002\BAI2\TEST03\BAI2.exe
[14:03:02] [main/INFO] [000002]: [BAI2] Execute testcase TEST03 is succeed.
[14:03:02] [main/INFO] [000002]: [BAI2] Comparing testcase TEST03 with expected output...
[14:03:02] [main/INFO] [000002]: [BAI2] Compare testcase TEST03 result: true
[14:03:02] [main/INFO] [000002]: [BAI2] Executing testcase TEST04...
[14:03:02] [main/INFO] [000002]: [BAI2] Execute command: D:\tozymc\IdeaProjects\clbpa-test-group\console-group\results\2022-11-13_14-02-58\000002\BAI2\TEST04\BAI2.exe
[14:03:02] [main/INFO] [000002]: [BAI2] Execute testcase TEST04 is succeed.
[14:03:02] [main/INFO] [000002]: [BAI2] Comparing testcase TEST04 with expected output...
[14:03:02] [main/INFO] [000002]: [BAI2] Compare testcase TEST04 result: true
[14:03:02] [main/INFO] [000002]: [BAI2] Executing testcase TEST05...
[14:03:02] [main/INFO] [000002]: [BAI2] Execute command: D:\tozymc\IdeaProjects\clbpa-test-group\console-group\results\2022-11-13_14-02-58\000002\BAI2\TEST05\BAI2.exe
[14:03:02] [main/INFO] [000002]: [BAI2] Execute testcase TEST05 is succeed.
[14:03:02] [main/INFO] [000002]: [BAI2] Comparing testcase TEST05 with expected output...
[14:03:02] [main/INFO] [000002]: [BAI2] Compare testcase TEST05 result: false
[14:03:02] [main/INFO] [000002]: Finished run BAI2 assert task!
[14:03:02] [main/INFO] [000002]: Running BAI3 assert task...
[14:03:02] [main/INFO] [000002]: [BAI3] Source code found: BAI3.cpp
[14:03:02] [main/INFO] [000002]: [BAI3] Need compile: true
[14:03:02] [main/INFO] [000002]: [BAI3] Compiling BAI3.cpp...
[14:03:02] [main/INFO] [000002]: [BAI3] Compile command: D:\tozymc\IdeaProjects\clbpa-test-group\bundle-sdks\mingw64\bin\g++ -o BAI3 BAI3.cpp
[14:03:03] [main/INFO] [000002]: [BAI3] Compile BAI3.cpp successful with: BAI3.exe
[14:03:03] [main/INFO] [000002]: [BAI3] Setting up execute environment...
[14:03:03] [main/INFO] [000002]: [BAI3] Finished setup execute environment.
[14:03:03] [main/INFO] [000002]: [BAI3] Executing testcase TEST01...
[14:03:03] [main/INFO] [000002]: [BAI3] Execute command: D:\tozymc\IdeaProjects\clbpa-test-group\console-group\results\2022-11-13_14-02-58\000002\BAI3\TEST01\BAI3.exe
[14:03:03] [main/INFO] [000002]: [BAI3] Execute testcase TEST01 is succeed.
[14:03:03] [main/INFO] [000002]: [BAI3] Comparing testcase TEST01 with expected output...
[14:03:03] [main/INFO] [000002]: [BAI3] Compare testcase TEST01 result: true
[14:03:03] [main/INFO] [000002]: [BAI3] Executing testcase TEST02...
[14:03:03] [main/INFO] [000002]: [BAI3] Execute command: D:\tozymc\IdeaProjects\clbpa-test-group\console-group\results\2022-11-13_14-02-58\000002\BAI3\TEST02\BAI3.exe
[14:03:03] [main/INFO] [000002]: [BAI3] Execute testcase TEST02 is succeed.
[14:03:03] [main/INFO] [000002]: [BAI3] Comparing testcase TEST02 with expected output...
[14:03:03] [main/INFO] [000002]: [BAI3] Compare testcase TEST02 result: true
[14:03:03] [main/INFO] [000002]: [BAI3] Executing testcase TEST03...
[14:03:03] [main/INFO] [000002]: [BAI3] Execute command: D:\tozymc\IdeaProjects\clbpa-test-group\console-group\results\2022-11-13_14-02-58\000002\BAI3\TEST03\BAI3.exe
[14:03:03] [main/INFO] [000002]: [BAI3] Execute testcase TEST03 is succeed.
[14:03:03] [main/INFO] [000002]: [BAI3] Comparing testcase TEST03 with expected output...
[14:03:03] [main/INFO] [000002]: [BAI3] Compare testcase TEST03 result: true
[14:03:03] [main/INFO] [000002]: [BAI3] Executing testcase TEST04...
[14:03:03] [main/INFO] [000002]: [BAI3] Execute command: D:\tozymc\IdeaProjects\clbpa-test-group\console-group\results\2022-11-13_14-02-58\000002\BAI3\TEST04\BAI3.exe
[14:03:04] [main/INFO] [000002]: [BAI3] Execute testcase TEST04 is succeed.
[14:03:04] [main/INFO] [000002]: [BAI3] Comparing testcase TEST04 with expected output...
[14:03:04] [main/INFO] [000002]: [BAI3] Compare testcase TEST04 result: true
[14:03:04] [main/INFO] [000002]: [BAI3] Executing testcase TEST05...
[14:03:04] [main/INFO] [000002]: [BAI3] Execute command: D:\tozymc\IdeaProjects\clbpa-test-group\console-group\results\2022-11-13_14-02-58\000002\BAI3\TEST05\BAI3.exe
[14:03:04] [main/INFO] [000002]: [BAI3] Execute testcase TEST05 is succeed.
[14:03:04] [main/INFO] [000002]: [BAI3] Comparing testcase TEST05 with expected output...
[14:03:04] [main/INFO] [000002]: [BAI3] Compare testcase TEST05 result: true
[14:03:04] [main/INFO] [000002]: Finished run BAI3 assert task!
[14:03:04] [main/INFO] [clbpa-cli]: Finished run user 000002 task!
[14:03:04] [main/INFO] [clbpa-cli]: Writing user 000002 task result...
[14:03:04] [main/INFO] [clbpa-cli]: Running user 000003 task...
[14:03:04] [main/INFO] [000003]: Running BAI1 assert task...
[14:03:04] [main/INFO] [000003]: [BAI1] Source code found: BAI1.pas
[14:03:04] [main/INFO] [000003]: [BAI1] Need compile: true
[14:03:04] [main/INFO] [000003]: [BAI1] Compiling BAI1.pas...
[14:03:04] [main/INFO] [000003]: [BAI1] Compile command: D:\tozymc\IdeaProjects\clbpa-test-group\bundle-sdks\fpc-3.2.2\bin\i386-win32\fpc BAI1.pas
[14:03:04] [main/ERROR] [000003]: [BAI1] Compile BAI1.pas error: 

[14:03:04] [main/INFO] [000003]: Finished run BAI1 assert task!
[14:03:04] [main/INFO] [000003]: Running BAI2 assert task...
[14:03:04] [main/WARN] [000003]: [BAI2] No source code found. Skipping...
[14:03:04] [main/INFO] [000003]: Running BAI3 assert task...
[14:03:04] [main/WARN] [000003]: [BAI3] No source code found. Skipping...
[14:03:04] [main/INFO] [clbpa-cli]: Finished run user 000003 task!
[14:03:04] [main/INFO] [clbpa-cli]: Writing user 000003 task result...
[14:03:04] [main/INFO] [clbpa-cli]: Running user 000004 task...
[14:03:04] [main/INFO] [000004]: Running BAI1 assert task...
[14:03:04] [main/WARN] [000004]: [BAI1] No source code found. Skipping...
[14:03:04] [main/INFO] [000004]: Running BAI2 assert task...
[14:03:04] [main/WARN] [000004]: [BAI2] No source code found. Skipping...
[14:03:04] [main/INFO] [000004]: Running BAI3 assert task...
[14:03:04] [main/INFO] [000004]: [BAI3] Source code found: BAI3.java
[14:03:04] [main/INFO] [000004]: [BAI3] Need compile: true
[14:03:04] [main/INFO] [000004]: [BAI3] Compiling BAI3.java...
[14:03:04] [main/INFO] [000004]: [BAI3] Compile command: D:\tozymc\IdeaProjects\clbpa-test-group\bundle-sdks\jdk8u352-b08\bin\javac BAI3.java
[14:03:04] [main/INFO] [000004]: [BAI3] Compile BAI3.java failure without target.
[14:03:04] [main/INFO] [000004]: Finished run BAI3 assert task!
[14:03:04] [main/INFO] [clbpa-cli]: Finished run user 000004 task!
[14:03:04] [main/INFO] [clbpa-cli]: Writing user 000004 task result...
[14:03:04] [main/INFO] [clbpa-cli]: Running user 000005 task...
[14:03:04] [main/INFO] [000005]: Running BAI1 assert task...
[14:03:04] [main/INFO] [000005]: [BAI1] Source code found: BAI1.pas
[14:03:04] [main/INFO] [000005]: [BAI1] Need compile: true
[14:03:04] [main/INFO] [000005]: [BAI1] Compiling BAI1.pas...
[14:03:04] [main/INFO] [000005]: [BAI1] Compile command: D:\tozymc\IdeaProjects\clbpa-test-group\bundle-sdks\fpc-3.2.2\bin\i386-win32\fpc BAI1.pas
[14:03:05] [main/INFO] [000005]: [BAI1] Compile BAI1.pas successful with: BAI1.exe
[14:03:05] [main/INFO] [000005]: [BAI1] Setting up execute environment...
[14:03:05] [main/INFO] [000005]: [BAI1] Finished setup execute environment.
[14:03:05] [main/INFO] [000005]: [BAI1] Executing testcase TEST01...
[14:03:05] [main/INFO] [000005]: [BAI1] Execute command: D:\tozymc\IdeaProjects\clbpa-test-group\console-group\results\2022-11-13_14-02-58\000005\BAI1\TEST01\BAI1.exe
[14:03:05] [main/INFO] [000005]: [BAI1] Execute testcase TEST01 is succeed.
[14:03:05] [main/INFO] [000005]: [BAI1] Comparing testcase TEST01 with expected output...
[14:03:05] [main/INFO] [000005]: [BAI1] Compare testcase TEST01 result: true
[14:03:05] [main/INFO] [000005]: [BAI1] Executing testcase TEST02...
[14:03:05] [main/INFO] [000005]: [BAI1] Execute command: D:\tozymc\IdeaProjects\clbpa-test-group\console-group\results\2022-11-13_14-02-58\000005\BAI1\TEST02\BAI1.exe
[14:03:05] [main/INFO] [000005]: [BAI1] Execute testcase TEST02 is succeed.
[14:03:05] [main/INFO] [000005]: [BAI1] Comparing testcase TEST02 with expected output...
[14:03:05] [main/INFO] [000005]: [BAI1] Compare testcase TEST02 result: true
[14:03:05] [main/INFO] [000005]: [BAI1] Executing testcase TEST03...
[14:03:05] [main/INFO] [000005]: [BAI1] Execute command: D:\tozymc\IdeaProjects\clbpa-test-group\console-group\results\2022-11-13_14-02-58\000005\BAI1\TEST03\BAI1.exe
[14:03:05] [main/INFO] [000005]: [BAI1] Execute testcase TEST03 is succeed.
[14:03:05] [main/INFO] [000005]: [BAI1] Comparing testcase TEST03 with expected output...
[14:03:05] [main/INFO] [000005]: [BAI1] Compare testcase TEST03 result: true
[14:03:05] [main/INFO] [000005]: [BAI1] Executing testcase TEST04...
[14:03:05] [main/INFO] [000005]: [BAI1] Execute command: D:\tozymc\IdeaProjects\clbpa-test-group\console-group\results\2022-11-13_14-02-58\000005\BAI1\TEST04\BAI1.exe
[14:03:05] [main/INFO] [000005]: [BAI1] Execute testcase TEST04 is succeed.
[14:03:05] [main/INFO] [000005]: [BAI1] Comparing testcase TEST04 with expected output...
[14:03:05] [main/INFO] [000005]: [BAI1] Compare testcase TEST04 result: false
[14:03:05] [main/INFO] [000005]: [BAI1] Executing testcase TEST05...
[14:03:05] [main/INFO] [000005]: [BAI1] Execute command: D:\tozymc\IdeaProjects\clbpa-test-group\console-group\results\2022-11-13_14-02-58\000005\BAI1\TEST05\BAI1.exe
[14:03:05] [main/INFO] [000005]: [BAI1] Execute testcase TEST05 is succeed.
[14:03:05] [main/INFO] [000005]: [BAI1] Comparing testcase TEST05 with expected output...
[14:03:05] [main/INFO] [000005]: [BAI1] Compare testcase TEST05 result: true
[14:03:05] [main/INFO] [000005]: Finished run BAI1 assert task!
[14:03:05] [main/INFO] [000005]: Running BAI2 assert task...
[14:03:05] [main/INFO] [000005]: [BAI2] Source code found: BAI2.java
[14:03:05] [main/INFO] [000005]: [BAI2] Need compile: true
[14:03:05] [main/INFO] [000005]: [BAI2] Compiling BAI2.java...
[14:03:05] [main/INFO] [000005]: [BAI2] Compile command: D:\tozymc\IdeaProjects\clbpa-test-group\bundle-sdks\jdk8u352-b08\bin\javac BAI2.java
[14:03:06] [main/INFO] [000005]: [BAI2] Compile BAI2.java successful with: BAI2.class
[14:03:06] [main/INFO] [000005]: [BAI2] Setting up execute environment...
[14:03:06] [main/INFO] [000005]: [BAI2] Finished setup execute environment.
[14:03:06] [main/INFO] [000005]: [BAI2] Executing testcase TEST01...
[14:03:06] [main/INFO] [000005]: [BAI2] Execute command: D:\tozymc\IdeaProjects\clbpa-test-group\bundle-sdks\jdk8u352-b08\bin\java BAI2
[14:03:06] [main/INFO] [000005]: [BAI2] Execute testcase TEST01 is succeed.
[14:03:06] [main/INFO] [000005]: [BAI2] Comparing testcase TEST01 with expected output...
[14:03:06] [main/INFO] [000005]: [BAI2] Compare testcase TEST01 result: true
[14:03:06] [main/INFO] [000005]: [BAI2] Executing testcase TEST02...
[14:03:06] [main/INFO] [000005]: [BAI2] Execute command: D:\tozymc\IdeaProjects\clbpa-test-group\bundle-sdks\jdk8u352-b08\bin\java BAI2
[14:03:06] [main/INFO] [000005]: [BAI2] Execute testcase TEST02 is succeed.
